<?xml version="1.0" encoding="UTF-8"?>
<!-- Generated by org.testng.reporters.JUnitReportReporter -->
<testsuite skipped="0" hostname="LAPTOP-I3V0BKGE" name="com.instatech.seleniumtests.HomePageTest" tests="1" failures="0" timestamp="15 Dec 2019 15:24:32 GMT" time="5.080" errors="0">
  <testcase name="openSignInPage" time="5.080" classname="com.instatech.seleniumtests.HomePageTest"/>
</testsuite> <!-- com.instatech.seleniumtests.HomePageTest -->
