<?xml version="1.0" encoding="UTF-8"?>
<!-- Generated by org.testng.reporters.JUnitReportReporter -->
<testsuite skipped="0" hostname="LAPTOP-I3V0BKGE" name="com.instatech.sampletests.Test2" tests="5" failures="0" timestamp="15 Dec 2019 15:03:40 GMT" time="0.002" errors="0">
  <testcase name="test1" time="0.000" classname="com.instatech.sampletests.Test2"/>
  <testcase name="test4" time="0.001" classname="com.instatech.sampletests.Test2"/>
  <testcase name="test5" time="0.000" classname="com.instatech.sampletests.Test2"/>
  <testcase name="test3" time="0.000" classname="com.instatech.sampletests.Test2"/>
  <testcase name="test2" time="0.001" classname="com.instatech.sampletests.Test2"/>
</testsuite> <!-- com.instatech.sampletests.Test2 -->
